<testsuites id="" name="" tests="9" failures="2" skipped="0" errors="0" time="113.45014900000001">
<testsuite name="com.lutron.spec.ts" timestamp="2025-04-27T22:04:57.971Z" hostname="chromium" tests="3" failures="0" skipped="0" time="43.752" errors="0">
<testcase name="verify support link " classname="com.lutron.spec.ts" time="21.878">
</testcase>
<testcase name="verify commercial link" classname="com.lutron.spec.ts" time="11.183">
</testcase>
<testcase name="Test about us link" classname="com.lutron.spec.ts" time="10.691">
</testcase>
</testsuite>
<testsuite name="com.lutron.spec.ts" timestamp="2025-04-27T22:04:57.971Z" hostname="firefox" tests="3" failures="1" skipped="0" time="75.592" errors="0">
<testcase name="verify support link " classname="com.lutron.spec.ts" time="37.988">
<failure message="com.lutron.spec.ts:8:5 verify support link " type="FAILURE">
<![CDATA[  [firefox] › com.lutron.spec.ts:8:5 › verify support link  @Playwright_With_Jenkins_Practice ──────

    Test timeout of 30000ms exceeded.

    Error: locator.click: Test timeout of 30000ms exceeded.
    Call log:
      - waiting for getByRole('button', { name: 'Accept' })


      30 |     await supportPage2.waitForLoadState();
      31 |     await expect(supportPage2).toHaveTitle('Sunnata ST-PRO-N Installation Instructions | Lutron');
    > 32 |     await supportPage2.getByRole('button', { name: 'Accept' }).click();
         |                                                                ^
      33 |
      34 | })
      35 |
        at C:\Users\herra\Desktop\Playwright_Lutron.com\tests\com.lutron.spec.ts:32:64

    Error Context: ..\test-results\com.lutron-verify-support-link--firefox\error-context.md

    attachment #2: trace (application/zip) ─────────────────────────────────────────────────────────
    test-results\com.lutron-verify-support-link--firefox\trace.zip
    Usage:

        npx playwright show-trace test-results\com.lutron-verify-support-link--firefox\trace.zip

    ────────────────────────────────────────────────────────────────────────────────────────────────
]]>
</failure>
<system-out>
<![CDATA[
[[ATTACHMENT|test-results\com.lutron-verify-support-link--firefox\error-context.md]]

[[ATTACHMENT|test-results\com.lutron-verify-support-link--firefox\trace.zip]]
]]>
</system-out>
</testcase>
<testcase name="verify commercial link" classname="com.lutron.spec.ts" time="21.133">
</testcase>
<testcase name="Test about us link" classname="com.lutron.spec.ts" time="16.471">
</testcase>
</testsuite>
<testsuite name="com.lutron.spec.ts" timestamp="2025-04-27T22:04:57.971Z" hostname="webkit" tests="3" failures="1" skipped="0" time="70.833" errors="0">
<testcase name="verify support link " classname="com.lutron.spec.ts" time="32.848">
<failure message="com.lutron.spec.ts:8:5 verify support link " type="FAILURE">
<![CDATA[  [webkit] › com.lutron.spec.ts:8:5 › verify support link  @Playwright_With_Jenkins_Practice ───────

    Test timeout of 30000ms exceeded.

    Error: page.waitForLoadState: Test timeout of 30000ms exceeded.
    =========================== logs ===========================
      "domcontentloaded" event fired
    ============================================================

      28 |     //  a nother page will be opened and we need to switch to that page
      29 |     const supportPage2 = await page.context().waitForEvent('page');
    > 30 |     await supportPage2.waitForLoadState();
         |                        ^
      31 |     await expect(supportPage2).toHaveTitle('Sunnata ST-PRO-N Installation Instructions | Lutron');
      32 |     await supportPage2.getByRole('button', { name: 'Accept' }).click();
      33 |
        at C:\Users\herra\Desktop\Playwright_Lutron.com\tests\com.lutron.spec.ts:30:24

    Error Context: ..\test-results\com.lutron-verify-support-link--webkit\error-context.md

    attachment #2: trace (application/zip) ─────────────────────────────────────────────────────────
    test-results\com.lutron-verify-support-link--webkit\trace.zip
    Usage:

        npx playwright show-trace test-results\com.lutron-verify-support-link--webkit\trace.zip

    ────────────────────────────────────────────────────────────────────────────────────────────────
]]>
</failure>
<system-out>
<![CDATA[
[[ATTACHMENT|test-results\com.lutron-verify-support-link--webkit\error-context.md]]

[[ATTACHMENT|test-results\com.lutron-verify-support-link--webkit\trace.zip]]
]]>
</system-out>
</testcase>
<testcase name="verify commercial link" classname="com.lutron.spec.ts" time="19.202">
</testcase>
<testcase name="Test about us link" classname="com.lutron.spec.ts" time="18.783">
</testcase>
</testsuite>
</testsuites>